[INFO] 15-04-2025 21:11:24 [main] [Tests.TC02_LandingTest.setUp(TC02_LandingTest.java:49)] - chrome is opened
[INFO] 15-04-2025 21:11:25 [main] [Tests.TC02_LandingTest.setUp(TC02_LandingTest.java:51)] - The page redirect to the URL
[INFO] 15-04-2025 21:11:26 [main] [Listeners.ITestResultListenerClass.onTestStart(ITestResultListenerClass.java:9)] - Test Case: addingRandomProductsToCartTC Started
[INFO] 15-04-2025 21:11:27 [main] [Pages.P02_LandingPage.addRandomProducts(P02_LandingPage.java:72)] - random Number: 1
[INFO] 15-04-2025 21:11:27 [main] [Pages.P02_LandingPage.addRandomProducts(P02_LandingPage.java:72)] - random Number: 4
[INFO] 15-04-2025 21:11:28 [main] [Pages.P02_LandingPage.addRandomProducts(P02_LandingPage.java:72)] - random Number: 5
[ERROR] 15-04-2025 21:11:38 [main] [Pages.P02_LandingPage.getNumberOfProductsOnCartIcon(P02_LandingPage.java:47)] - Expected condition failed: waiting for visibility of element located by By.className: shopping_cart_badge (tried for 5 second(s) with 500 milliseconds interval)
Build info: version: '4.22.0', revision: 'c5f3146703*'
System info: os.name: 'Windows 10', os.arch: 'amd64', os.version: '10.0', java.version: '17.0.11'
Driver info: org.openqa.selenium.chrome.ChromeDriver
Capabilities {acceptInsecureCerts: false, browserName: chrome, browserVersion: 135.0.7049.85, chrome: {chromedriverVersion: 135.0.7049.84 (6c019e560019..., userDataDir: C:\Users\brand\AppData\Loca...}, fedcm:accounts: true, goog:chromeOptions: {debuggerAddress: localhost:52431}, networkConnectionEnabled: false, pageLoadStrategy: normal, platformName: windows, proxy: Proxy(), se:cdp: ws://localhost:52431/devtoo..., se:cdpVersion: 135.0.7049.85, setWindowRect: true, strictFileInteractability: false, timeouts: {implicit: 0, pageLoad: 300000, script: 30000}, unhandledPromptBehavior: dismiss and notify, webauthn:extension:credBlob: true, webauthn:extension:largeBlob: true, webauthn:extension:minPinLength: true, webauthn:extension:prf: true, webauthn:virtualAuthenticators: true}
Session ID: 70316e90aac89741de91f44334a88387
[ERROR] 15-04-2025 21:11:45 [main] [Pages.P02_LandingPage.getNumberOfSelectedProducts(P02_LandingPage.java:58)] - Error communicating with the remote browser. It may have died.
Build info: version: '4.22.0', revision: 'c5f3146703*'
System info: os.name: 'Windows 10', os.arch: 'amd64', os.version: '10.0', java.version: '17.0.11'
Driver info: org.openqa.selenium.chrome.ChromeDriver
Command: [70316e90aac89741de91f44334a88387, findElements [value, using]]
Capabilities {acceptInsecureCerts: false, browserName: chrome, browserVersion: 135.0.7049.85, chrome: {chromedriverVersion: 135.0.7049.84 (6c019e560019..., userDataDir: C:\Users\brand\AppData\Loca...}, fedcm:accounts: true, goog:chromeOptions: {debuggerAddress: localhost:52431}, networkConnectionEnabled: false, pageLoadStrategy: normal, platformName: windows, proxy: Proxy(), se:cdp: ws://localhost:52431/devtoo..., se:cdpVersion: 135.0.7049.85, setWindowRect: true, strictFileInteractability: false, timeouts: {implicit: 0, pageLoad: 300000, script: 30000}, unhandledPromptBehavior: dismiss and notify, webauthn:extension:credBlob: true, webauthn:extension:largeBlob: true, webauthn:extension:minPinLength: true, webauthn:extension:prf: true, webauthn:virtualAuthenticators: true}
Session ID: 70316e90aac89741de91f44334a88387
[INFO] 15-04-2025 21:11:45 [main] [Listeners.ITestResultListenerClass.onTestSuccess(ITestResultListenerClass.java:13)] - Test Case: addingRandomProductsToCartTC Passed
